<?xml version="1.0" encoding="UTF-8"?>
<!-- Generated by org.testng.reporters.JUnitReportReporter -->
<testsuite hostname="LAPTOP-VDKBJUCL" failures="0" tests="6" name="framework.tests.CartTest" time="21.549" errors="0" timestamp="2026-03-20T22:21:20 GMT+07:00" skipped="0">
  <testcase classname="framework.tests.CartTest" name="testGetItemNamesInCart" time="3.458"/>
  <testcase classname="framework.tests.CartTest" name="testCartWithoutItemReturnsZero" time="4.982"/>
  <testcase classname="framework.tests.CartTest" name="testRemoveFirstItemFromCart" time="5.756"/>
  <testcase classname="framework.tests.CartTest" name="testAddFirstItemToCart" time="2.493"/>
  <testcase classname="framework.tests.CartTest" name="testAddSpecificItemToCart" time="1.989"/>
  <testcase classname="framework.tests.CartTest" name="testFluentInterfaceGoToCart" time="2.871"/>
</testsuite> <!-- framework.tests.CartTest -->
