<?xml version="1.0" encoding="UTF-8"?>
<!-- Generated by org.testng.reporters.JUnitReportReporter -->
<testsuite hostname="LAPTOP-VDKBJUCL" failures="0" tests="3" name="framework.tests.LoginTest" time="27.678" errors="0" timestamp="2026-03-20T22:21:20 GMT+07:00" skipped="0">
  <testcase classname="framework.tests.LoginTest" name="testLoginWithInvalidPassword" time="4.653"/>
  <testcase classname="framework.tests.LoginTest" name="testLoginWithLockedUser" time="19.260"/>
  <testcase classname="framework.tests.LoginTest" name="testLoginWithValidAccount" time="3.765"/>
</testsuite> <!-- framework.tests.LoginTest -->
