<?xml version="1.0" encoding="UTF-8"?>
<!-- Generated by org.testng.reporters.JUnitReportReporter -->
<testsuite hostname="LAPTOP-VDKBJUCL" failures="0" tests="2" name="framework.tests.CartRefactorTest" time="4.169" errors="0" timestamp="2026-03-21T16:32:52 GMT+07:00" skipped="0">
  <testcase classname="framework.tests.CartRefactorTest" name="testGoToCartAfterAddItem" time="2.204"/>
  <testcase classname="framework.tests.CartRefactorTest" name="testAddFirstItemToCart" time="1.965"/>
</testsuite> <!-- framework.tests.CartRefactorTest -->
