<?xml version="1.0" encoding="UTF-8"?>
<!-- Generated by org.testng.reporters.JUnitReportReporter -->
<testsuite hostname="LAPTOP-VDKBJUCL" failures="0" tests="4" name="framework.tests.LoginRefactorTest" time="7.929" errors="0" timestamp="2026-03-21T16:32:52 GMT+07:00" skipped="0">
  <testcase classname="framework.tests.LoginRefactorTest" name="testLoginFromExcel" time="2.257"/>
  <testcase classname="framework.tests.LoginRefactorTest" name="testLoginFromExcel" time="2.160"/>
  <testcase classname="framework.tests.LoginRefactorTest" name="testLoginFromExcel" time="1.686"/>
  <testcase classname="framework.tests.LoginRefactorTest" name="testLoginFromExcel" time="1.826"/>
</testsuite> <!-- framework.tests.LoginRefactorTest -->
