<?xml version="1.0" encoding="UTF-8"?>
<testng-results ignored="0" total="15" passed="15" failed="0" skipped="0">
  <reporter-output>
  </reporter-output>
  <suite started-at="2026-03-20T23:33:20 GMT+07:00" name="Bai3_DDT_Excel_Suite" finished-at="2026-03-20T23:34:22 GMT+07:00" duration-ms="61082">
    <groups>
      <group name="regression">
        <method signature="LoginDDTTest.testLoginFromRegressionExcel(framework.utils.TestData)[pri:0, instance:framework.tests.LoginDDTTest@2aceadd4]" name="testLoginFromRegressionExcel" class="framework.tests.LoginDDTTest"/>
      </group> <!-- regression -->
      <group name="smoke">
        <method signature="LoginDDTTest.testLoginFromSmokeExcel(framework.utils.TestData)[pri:0, instance:framework.tests.LoginDDTTest@7b98f307]" name="testLoginFromSmokeExcel" class="framework.tests.LoginDDTTest"/>
      </group> <!-- smoke -->
    </groups>
    <test started-at="2026-03-20T23:33:20 GMT+07:00" name="Smoke Test" finished-at="2026-03-20T23:33:35 GMT+07:00" duration-ms="14111">
      <class name="framework.tests.LoginDDTTest">
        <test-method is-config="true" signature="setUp()[pri:0, instance:framework.tests.LoginDDTTest@7b98f307]" started-at="2026-03-20T23:33:21 GMT+07:00" name="setUp" finished-at="2026-03-20T23:33:25 GMT+07:00" duration-ms="3877" status="PASS">
          <reporter-output>
          </reporter-output>
        </test-method> <!-- setUp -->
        <test-method signature="testLoginFromSmokeExcel(framework.utils.TestData)[pri:0, instance:framework.tests.LoginDDTTest@7b98f307]" started-at="2026-03-20T23:33:25 GMT+07:00" name="testLoginFromSmokeExcel" data-provider="smokeData" finished-at="2026-03-20T23:33:25 GMT+07:00" duration-ms="530" status="PASS">
          <params>
            <param index="0">
              <value>
                <![CDATA[Login thành công]]>
              </value>
            </param>
          </params>
          <reporter-output>
          </reporter-output>
        </test-method> <!-- testLoginFromSmokeExcel -->
        <test-method is-config="true" signature="tearDown()[pri:0, instance:framework.tests.LoginDDTTest@7b98f307]" started-at="2026-03-20T23:33:25 GMT+07:00" name="tearDown" finished-at="2026-03-20T23:33:26 GMT+07:00" duration-ms="229" status="PASS">
          <reporter-output>
          </reporter-output>
        </test-method> <!-- tearDown -->
        <test-method is-config="true" signature="setUp()[pri:0, instance:framework.tests.LoginDDTTest@7b98f307]" started-at="2026-03-20T23:33:26 GMT+07:00" name="setUp" finished-at="2026-03-20T23:33:27 GMT+07:00" duration-ms="1214" status="PASS">
          <reporter-output>
          </reporter-output>
        </test-method> <!-- setUp -->
        <test-method signature="testLoginFromSmokeExcel(framework.utils.TestData)[pri:0, instance:framework.tests.LoginDDTTest@7b98f307]" started-at="2026-03-20T23:33:27 GMT+07:00" name="testLoginFromSmokeExcel" data-provider="smokeData" finished-at="2026-03-20T23:33:27 GMT+07:00" duration-ms="427" status="PASS">
          <params>
            <param index="0">
              <value>
                <![CDATA[Login problem user]]>
              </value>
            </param>
          </params>
          <reporter-output>
          </reporter-output>
        </test-method> <!-- testLoginFromSmokeExcel -->
        <test-method is-config="true" signature="tearDown()[pri:0, instance:framework.tests.LoginDDTTest@7b98f307]" started-at="2026-03-20T23:33:27 GMT+07:00" name="tearDown" finished-at="2026-03-20T23:33:27 GMT+07:00" duration-ms="176" status="PASS">
          <reporter-output>
          </reporter-output>
        </test-method> <!-- tearDown -->
        <test-method is-config="true" signature="setUp()[pri:0, instance:framework.tests.LoginDDTTest@7b98f307]" started-at="2026-03-20T23:33:27 GMT+07:00" name="setUp" finished-at="2026-03-20T23:33:29 GMT+07:00" duration-ms="1605" status="PASS">
          <reporter-output>
          </reporter-output>
        </test-method> <!-- setUp -->
        <test-method signature="testLoginFromSmokeExcel(framework.utils.TestData)[pri:0, instance:framework.tests.LoginDDTTest@7b98f307]" started-at="2026-03-20T23:33:29 GMT+07:00" name="testLoginFromSmokeExcel" data-provider="smokeData" finished-at="2026-03-20T23:33:34 GMT+07:00" duration-ms="5354" status="PASS">
          <params>
            <param index="0">
              <value>
                <![CDATA[Login slow user]]>
              </value>
            </param>
          </params>
          <reporter-output>
          </reporter-output>
        </test-method> <!-- testLoginFromSmokeExcel -->
        <test-method is-config="true" signature="tearDown()[pri:0, instance:framework.tests.LoginDDTTest@7b98f307]" started-at="2026-03-20T23:33:34 GMT+07:00" name="tearDown" finished-at="2026-03-20T23:33:35 GMT+07:00" duration-ms="182" status="PASS">
          <reporter-output>
          </reporter-output>
        </test-method> <!-- tearDown -->
      </class> <!-- framework.tests.LoginDDTTest -->
    </test> <!-- Smoke Test -->
    <test started-at="2026-03-20T23:33:35 GMT+07:00" name="Regression Test" finished-at="2026-03-20T23:34:22 GMT+07:00" duration-ms="46960">
      <class name="framework.tests.LoginDDTTest">
        <test-method is-config="true" signature="setUp()[pri:0, instance:framework.tests.LoginDDTTest@2aceadd4]" started-at="2026-03-20T23:33:35 GMT+07:00" name="setUp" finished-at="2026-03-20T23:33:36 GMT+07:00" duration-ms="1546" status="PASS">
          <reporter-output>
          </reporter-output>
        </test-method> <!-- setUp -->
        <test-method signature="testLoginFromRegressionExcel(framework.utils.TestData)[pri:0, instance:framework.tests.LoginDDTTest@2aceadd4]" started-at="2026-03-20T23:33:36 GMT+07:00" name="testLoginFromRegressionExcel" data-provider="regressionData" finished-at="2026-03-20T23:33:37 GMT+07:00" duration-ms="317" status="PASS">
          <params>
            <param index="0">
              <value>
                <![CDATA[Login thành công]]>
              </value>
            </param>
          </params>
          <reporter-output>
          </reporter-output>
        </test-method> <!-- testLoginFromRegressionExcel -->
        <test-method is-config="true" signature="tearDown()[pri:0, instance:framework.tests.LoginDDTTest@2aceadd4]" started-at="2026-03-20T23:33:37 GMT+07:00" name="tearDown" finished-at="2026-03-20T23:33:37 GMT+07:00" duration-ms="150" status="PASS">
          <reporter-output>
          </reporter-output>
        </test-method> <!-- tearDown -->
        <test-method is-config="true" signature="setUp()[pri:0, instance:framework.tests.LoginDDTTest@2aceadd4]" started-at="2026-03-20T23:33:37 GMT+07:00" name="setUp" finished-at="2026-03-20T23:33:38 GMT+07:00" duration-ms="1254" status="PASS">
          <reporter-output>
          </reporter-output>
        </test-method> <!-- setUp -->
        <test-method signature="testLoginFromRegressionExcel(framework.utils.TestData)[pri:0, instance:framework.tests.LoginDDTTest@2aceadd4]" started-at="2026-03-20T23:33:38 GMT+07:00" name="testLoginFromRegressionExcel" data-provider="regressionData" finished-at="2026-03-20T23:33:38 GMT+07:00" duration-ms="303" status="PASS">
          <params>
            <param index="0">
              <value>
                <![CDATA[Login problem user]]>
              </value>
            </param>
          </params>
          <reporter-output>
          </reporter-output>
        </test-method> <!-- testLoginFromRegressionExcel -->
        <test-method is-config="true" signature="tearDown()[pri:0, instance:framework.tests.LoginDDTTest@2aceadd4]" started-at="2026-03-20T23:33:38 GMT+07:00" name="tearDown" finished-at="2026-03-20T23:33:38 GMT+07:00" duration-ms="198" status="PASS">
          <reporter-output>
          </reporter-output>
        </test-method> <!-- tearDown -->
        <test-method is-config="true" signature="setUp()[pri:0, instance:framework.tests.LoginDDTTest@2aceadd4]" started-at="2026-03-20T23:33:38 GMT+07:00" name="setUp" finished-at="2026-03-20T23:33:40 GMT+07:00" duration-ms="1344" status="PASS">
          <reporter-output>
          </reporter-output>
        </test-method> <!-- setUp -->
        <test-method signature="testLoginFromRegressionExcel(framework.utils.TestData)[pri:0, instance:framework.tests.LoginDDTTest@2aceadd4]" started-at="2026-03-20T23:33:40 GMT+07:00" name="testLoginFromRegressionExcel" data-provider="regressionData" finished-at="2026-03-20T23:33:45 GMT+07:00" duration-ms="5369" status="PASS">
          <params>
            <param index="0">
              <value>
                <![CDATA[Login slow user]]>
              </value>
            </param>
          </params>
          <reporter-output>
          </reporter-output>
        </test-method> <!-- testLoginFromRegressionExcel -->
        <test-method is-config="true" signature="tearDown()[pri:0, instance:framework.tests.LoginDDTTest@2aceadd4]" started-at="2026-03-20T23:33:45 GMT+07:00" name="tearDown" finished-at="2026-03-20T23:33:45 GMT+07:00" duration-ms="207" status="PASS">
          <reporter-output>
          </reporter-output>
        </test-method> <!-- tearDown -->
        <test-method is-config="true" signature="setUp()[pri:0, instance:framework.tests.LoginDDTTest@2aceadd4]" started-at="2026-03-20T23:33:45 GMT+07:00" name="setUp" finished-at="2026-03-20T23:33:48 GMT+07:00" duration-ms="2991" status="PASS">
          <reporter-output>
          </reporter-output>
        </test-method> <!-- setUp -->
        <test-method signature="testLoginFromRegressionExcel(framework.utils.TestData)[pri:0, instance:framework.tests.LoginDDTTest@2aceadd4]" started-at="2026-03-20T23:33:48 GMT+07:00" name="testLoginFromRegressionExcel" data-provider="regressionData" finished-at="2026-03-20T23:33:49 GMT+07:00" duration-ms="484" status="PASS">
          <params>
            <param index="0">
              <value>
                <![CDATA[Sai password]]>
              </value>
            </param>
          </params>
          <reporter-output>
          </reporter-output>
        </test-method> <!-- testLoginFromRegressionExcel -->
        <test-method is-config="true" signature="tearDown()[pri:0, instance:framework.tests.LoginDDTTest@2aceadd4]" started-at="2026-03-20T23:33:49 GMT+07:00" name="tearDown" finished-at="2026-03-20T23:33:49 GMT+07:00" duration-ms="121" status="PASS">
          <reporter-output>
          </reporter-output>
        </test-method> <!-- tearDown -->
        <test-method is-config="true" signature="setUp()[pri:0, instance:framework.tests.LoginDDTTest@2aceadd4]" started-at="2026-03-20T23:33:49 GMT+07:00" name="setUp" finished-at="2026-03-20T23:33:51 GMT+07:00" duration-ms="1568" status="PASS">
          <reporter-output>
          </reporter-output>
        </test-method> <!-- setUp -->
        <test-method signature="testLoginFromRegressionExcel(framework.utils.TestData)[pri:0, instance:framework.tests.LoginDDTTest@2aceadd4]" started-at="2026-03-20T23:33:51 GMT+07:00" name="testLoginFromRegressionExcel" data-provider="regressionData" finished-at="2026-03-20T23:33:51 GMT+07:00" duration-ms="361" status="PASS">
          <params>
            <param index="0">
              <value>
                <![CDATA[User bị khóa]]>
              </value>
            </param>
          </params>
          <reporter-output>
          </reporter-output>
        </test-method> <!-- testLoginFromRegressionExcel -->
        <test-method is-config="true" signature="tearDown()[pri:0, instance:framework.tests.LoginDDTTest@2aceadd4]" started-at="2026-03-20T23:33:51 GMT+07:00" name="tearDown" finished-at="2026-03-20T23:33:51 GMT+07:00" duration-ms="203" status="PASS">
          <reporter-output>
          </reporter-output>
        </test-method> <!-- tearDown -->
        <test-method is-config="true" signature="setUp()[pri:0, instance:framework.tests.LoginDDTTest@2aceadd4]" started-at="2026-03-20T23:33:51 GMT+07:00" name="setUp" finished-at="2026-03-20T23:33:52 GMT+07:00" duration-ms="1354" status="PASS">
          <reporter-output>
          </reporter-output>
        </test-method> <!-- setUp -->
        <test-method signature="testLoginFromRegressionExcel(framework.utils.TestData)[pri:0, instance:framework.tests.LoginDDTTest@2aceadd4]" started-at="2026-03-20T23:33:52 GMT+07:00" name="testLoginFromRegressionExcel" data-provider="regressionData" finished-at="2026-03-20T23:33:53 GMT+07:00" duration-ms="334" status="PASS">
          <params>
            <param index="0">
              <value>
                <![CDATA[Thiếu username]]>
              </value>
            </param>
          </params>
          <reporter-output>
          </reporter-output>
        </test-method> <!-- testLoginFromRegressionExcel -->
        <test-method is-config="true" signature="tearDown()[pri:0, instance:framework.tests.LoginDDTTest@2aceadd4]" started-at="2026-03-20T23:33:53 GMT+07:00" name="tearDown" finished-at="2026-03-20T23:33:53 GMT+07:00" duration-ms="125" status="PASS">
          <reporter-output>
          </reporter-output>
        </test-method> <!-- tearDown -->
        <test-method is-config="true" signature="setUp()[pri:0, instance:framework.tests.LoginDDTTest@2aceadd4]" started-at="2026-03-20T23:33:53 GMT+07:00" name="setUp" finished-at="2026-03-20T23:33:55 GMT+07:00" duration-ms="2488" status="PASS">
          <reporter-output>
          </reporter-output>
        </test-method> <!-- setUp -->
        <test-method signature="testLoginFromRegressionExcel(framework.utils.TestData)[pri:0, instance:framework.tests.LoginDDTTest@2aceadd4]" started-at="2026-03-20T23:33:55 GMT+07:00" name="testLoginFromRegressionExcel" data-provider="regressionData" finished-at="2026-03-20T23:33:56 GMT+07:00" duration-ms="263" status="PASS">
          <params>
            <param index="0">
              <value>
                <![CDATA[Thiếu password]]>
              </value>
            </param>
          </params>
          <reporter-output>
          </reporter-output>
        </test-method> <!-- testLoginFromRegressionExcel -->
        <test-method is-config="true" signature="tearDown()[pri:0, instance:framework.tests.LoginDDTTest@2aceadd4]" started-at="2026-03-20T23:33:56 GMT+07:00" name="tearDown" finished-at="2026-03-20T23:33:56 GMT+07:00" duration-ms="212" status="PASS">
          <reporter-output>
          </reporter-output>
        </test-method> <!-- tearDown -->
        <test-method is-config="true" signature="setUp()[pri:0, instance:framework.tests.LoginDDTTest@2aceadd4]" started-at="2026-03-20T23:33:56 GMT+07:00" name="setUp" finished-at="2026-03-20T23:34:00 GMT+07:00" duration-ms="4194" status="PASS">
          <reporter-output>
          </reporter-output>
        </test-method> <!-- setUp -->
        <test-method signature="testLoginFromRegressionExcel(framework.utils.TestData)[pri:0, instance:framework.tests.LoginDDTTest@2aceadd4]" started-at="2026-03-20T23:34:00 GMT+07:00" name="testLoginFromRegressionExcel" data-provider="regressionData" finished-at="2026-03-20T23:34:00 GMT+07:00" duration-ms="362" status="PASS">
          <params>
            <param index="0">
              <value>
                <![CDATA[Thiếu cả]]>
              </value>
            </param>
          </params>
          <reporter-output>
          </reporter-output>
        </test-method> <!-- testLoginFromRegressionExcel -->
        <test-method is-config="true" signature="tearDown()[pri:0, instance:framework.tests.LoginDDTTest@2aceadd4]" started-at="2026-03-20T23:34:00 GMT+07:00" name="tearDown" finished-at="2026-03-20T23:34:01 GMT+07:00" duration-ms="151" status="PASS">
          <reporter-output>
          </reporter-output>
        </test-method> <!-- tearDown -->
        <test-method is-config="true" signature="setUp()[pri:0, instance:framework.tests.LoginDDTTest@2aceadd4]" started-at="2026-03-20T23:34:01 GMT+07:00" name="setUp" finished-at="2026-03-20T23:34:05 GMT+07:00" duration-ms="4546" status="PASS">
          <reporter-output>
          </reporter-output>
        </test-method> <!-- setUp -->
        <test-method signature="testLoginFromRegressionExcel(framework.utils.TestData)[pri:0, instance:framework.tests.LoginDDTTest@2aceadd4]" started-at="2026-03-20T23:34:05 GMT+07:00" name="testLoginFromRegressionExcel" data-provider="regressionData" finished-at="2026-03-20T23:34:06 GMT+07:00" duration-ms="478" status="PASS">
          <params>
            <param index="0">
              <value>
                <![CDATA[Username dài]]>
              </value>
            </param>
          </params>
          <reporter-output>
          </reporter-output>
        </test-method> <!-- testLoginFromRegressionExcel -->
        <test-method is-config="true" signature="tearDown()[pri:0, instance:framework.tests.LoginDDTTest@2aceadd4]" started-at="2026-03-20T23:34:06 GMT+07:00" name="tearDown" finished-at="2026-03-20T23:34:06 GMT+07:00" duration-ms="181" status="PASS">
          <reporter-output>
          </reporter-output>
        </test-method> <!-- tearDown -->
        <test-method is-config="true" signature="setUp()[pri:0, instance:framework.tests.LoginDDTTest@2aceadd4]" started-at="2026-03-20T23:34:06 GMT+07:00" name="setUp" finished-at="2026-03-20T23:34:12 GMT+07:00" duration-ms="6235" status="PASS">
          <reporter-output>
          </reporter-output>
        </test-method> <!-- setUp -->
        <test-method signature="testLoginFromRegressionExcel(framework.utils.TestData)[pri:0, instance:framework.tests.LoginDDTTest@2aceadd4]" started-at="2026-03-20T23:34:12 GMT+07:00" name="testLoginFromRegressionExcel" data-provider="regressionData" finished-at="2026-03-20T23:34:12 GMT+07:00" duration-ms="389" status="PASS">
          <params>
            <param index="0">
              <value>
                <![CDATA[ký tự đặc biệt]]>
              </value>
            </param>
          </params>
          <reporter-output>
          </reporter-output>
        </test-method> <!-- testLoginFromRegressionExcel -->
        <test-method is-config="true" signature="tearDown()[pri:0, instance:framework.tests.LoginDDTTest@2aceadd4]" started-at="2026-03-20T23:34:12 GMT+07:00" name="tearDown" finished-at="2026-03-20T23:34:13 GMT+07:00" duration-ms="218" status="PASS">
          <reporter-output>
          </reporter-output>
        </test-method> <!-- tearDown -->
        <test-method is-config="true" signature="setUp()[pri:0, instance:framework.tests.LoginDDTTest@2aceadd4]" started-at="2026-03-20T23:34:13 GMT+07:00" name="setUp" finished-at="2026-03-20T23:34:15 GMT+07:00" duration-ms="2212" status="PASS">
          <reporter-output>
          </reporter-output>
        </test-method> <!-- setUp -->
        <test-method signature="testLoginFromRegressionExcel(framework.utils.TestData)[pri:0, instance:framework.tests.LoginDDTTest@2aceadd4]" started-at="2026-03-20T23:34:15 GMT+07:00" name="testLoginFromRegressionExcel" data-provider="regressionData" finished-at="2026-03-20T23:34:15 GMT+07:00" duration-ms="256" status="PASS">
          <params>
            <param index="0">
              <value>
                <![CDATA[SQL injection]]>
              </value>
            </param>
          </params>
          <reporter-output>
          </reporter-output>
        </test-method> <!-- testLoginFromRegressionExcel -->
        <test-method is-config="true" signature="tearDown()[pri:0, instance:framework.tests.LoginDDTTest@2aceadd4]" started-at="2026-03-20T23:34:15 GMT+07:00" name="tearDown" finished-at="2026-03-20T23:34:15 GMT+07:00" duration-ms="153" status="PASS">
          <reporter-output>
          </reporter-output>
        </test-method> <!-- tearDown -->
        <test-method is-config="true" signature="setUp()[pri:0, instance:framework.tests.LoginDDTTest@2aceadd4]" started-at="2026-03-20T23:34:15 GMT+07:00" name="setUp" finished-at="2026-03-20T23:34:21 GMT+07:00" duration-ms="5625" status="PASS">
          <reporter-output>
          </reporter-output>
        </test-method> <!-- setUp -->
        <test-method signature="testLoginFromRegressionExcel(framework.utils.TestData)[pri:0, instance:framework.tests.LoginDDTTest@2aceadd4]" started-at="2026-03-20T23:34:21 GMT+07:00" name="testLoginFromRegressionExcel" data-provider="regressionData" finished-at="2026-03-20T23:34:21 GMT+07:00" duration-ms="522" status="PASS">
          <params>
            <param index="0">
              <value>
                <![CDATA[SQL password]]>
              </value>
            </param>
          </params>
          <reporter-output>
          </reporter-output>
        </test-method> <!-- testLoginFromRegressionExcel -->
        <test-method is-config="true" signature="tearDown()[pri:0, instance:framework.tests.LoginDDTTest@2aceadd4]" started-at="2026-03-20T23:34:21 GMT+07:00" name="tearDown" finished-at="2026-03-20T23:34:22 GMT+07:00" duration-ms="146" status="PASS">
          <reporter-output>
          </reporter-output>
        </test-method> <!-- tearDown -->
      </class> <!-- framework.tests.LoginDDTTest -->
    </test> <!-- Regression Test -->
  </suite> <!-- Bai3_DDT_Excel_Suite -->
</testng-results>
