<?xml version="1.0" encoding="UTF-8"?>
<!-- Generated by org.testng.reporters.JUnitReportReporter -->
<testsuite hostname="LAPTOP-VDKBJUCL" failures="0" tests="2" name="framework.tests.CheckoutFakerTest" time="18.941" errors="0" timestamp="2026-03-21T14:32:22 GMT+07:00" skipped="0">
  <testcase classname="framework.tests.CheckoutFakerTest" name="testCheckoutRandomDataRunAgain" time="7.358"/>
  <testcase classname="framework.tests.CheckoutFakerTest" name="testCheckoutWithRandomData" time="11.583"/>
</testsuite> <!-- framework.tests.CheckoutFakerTest -->
