<?xml version="1.0" encoding="UTF-8"?>
<!-- Generated by org.testng.reporters.JUnitReportReporter -->
<testsuite hostname="LAPTOP-VDKBJUCL" failures="0" tests="5" name="framework.tests.UserLoginTest" time="11.957" errors="0" timestamp="2026-03-21T14:32:22 GMT+07:00" skipped="0">
  <testcase classname="framework.tests.UserLoginTest" name="testUserLoginFromJson" time="2.013"/>
  <testcase classname="framework.tests.UserLoginTest" name="testUserLoginFromJson" time="3.169"/>
  <testcase classname="framework.tests.UserLoginTest" name="testUserLoginFromJson" time="2.288"/>
  <testcase classname="framework.tests.UserLoginTest" name="testUserLoginFromJson" time="2.359"/>
  <testcase classname="framework.tests.UserLoginTest" name="testUserLoginFromJson" time="2.128"/>
</testsuite> <!-- framework.tests.UserLoginTest -->
