<?xml version="1.0" encoding="UTF-8"?>
<!-- Generated by org.testng.reporters.JUnitXMLReporter -->
<testsuite ignored="0" hostname="LAPTOP-VDKBJUCL" failures="0" tests="2" name="Environment Config Test" time="4.683" errors="0" timestamp="2026-03-21T15:38:50 GMT+07:00">
  <testcase classname="framework.tests.EnvironmentTest" name="testConfigReaderLoadsCorrectEnvironment" time="0.008"/>
  <testcase classname="framework.tests.EnvironmentTest" name="testLoginPageLoadsFromConfiguredUrl" time="0.175"/>
</testsuite> <!-- Environment Config Test -->
