<?xml version="1.0" encoding="UTF-8"?>
<!-- Generated by org.testng.reporters.JUnitXMLReporter -->
<testsuite ignored="0" hostname="LAPTOP-VDKBJUCL" failures="0" tests="7" name="JSON and Faker Tests" time="31.09" errors="0" timestamp="2026-03-21T14:32:22 GMT+07:00">
  <testcase classname="framework.tests.UserLoginTest" name="testUserLoginFromJson" time="0.306"/>
  <testcase classname="framework.tests.UserLoginTest" name="testUserLoginFromJson" time="0.321"/>
  <testcase classname="framework.tests.UserLoginTest" name="testUserLoginFromJson" time="0.374"/>
  <testcase classname="framework.tests.UserLoginTest" name="testUserLoginFromJson" time="0.423"/>
  <testcase classname="framework.tests.UserLoginTest" name="testUserLoginFromJson" time="0.251"/>
  <testcase classname="framework.tests.CheckoutFakerTest" name="testCheckoutRandomDataRunAgain" time="5.186"/>
  <testcase classname="framework.tests.CheckoutFakerTest" name="testCheckoutWithRandomData" time="4.801"/>
</testsuite> <!-- JSON and Faker Tests -->
