<?xml version="1.0" encoding="UTF-8"?>
<!-- Generated by org.testng.reporters.JUnitReportReporter -->
<testsuite hostname="LAPTOP-VDKBJUCL" failures="0" tests="2" name="framework.tests.EnvironmentTest" time="4.649" errors="0" timestamp="2026-03-21T15:38:50 GMT+07:00" skipped="0">
  <testcase classname="framework.tests.EnvironmentTest" name="testLoginPageLoadsFromConfiguredUrl" time="3.209"/>
  <testcase classname="framework.tests.EnvironmentTest" name="testConfigReaderLoadsCorrectEnvironment" time="1.440"/>
</testsuite> <!-- framework.tests.EnvironmentTest -->
