<?xml version="1.0" encoding="UTF-8"?>
<testng-results ignored="0" total="7" passed="7" failed="0" skipped="0">
  <reporter-output>
  </reporter-output>
  <suite started-at="2026-03-21T14:31:51 GMT+07:00" name="Bai4_Suite" finished-at="2026-03-21T14:32:22 GMT+07:00" duration-ms="31090">
    <groups>
    </groups>
    <test started-at="2026-03-21T14:31:51 GMT+07:00" name="JSON and Faker Tests" finished-at="2026-03-21T14:32:22 GMT+07:00" duration-ms="31090">
      <class name="framework.tests.CheckoutFakerTest">
        <test-method is-config="true" signature="setUp()[pri:0, instance:framework.tests.CheckoutFakerTest@5b7a5baa]" started-at="2026-03-21T14:32:03 GMT+07:00" name="setUp" finished-at="2026-03-21T14:32:10 GMT+07:00" duration-ms="6550" status="PASS">
          <reporter-output>
          </reporter-output>
        </test-method> <!-- setUp -->
        <test-method signature="testCheckoutRandomDataRunAgain()[pri:0, instance:framework.tests.CheckoutFakerTest@5b7a5baa]" started-at="2026-03-21T14:32:10 GMT+07:00" name="testCheckoutRandomDataRunAgain" finished-at="2026-03-21T14:32:15 GMT+07:00" duration-ms="5186" status="PASS">
          <reporter-output>
          </reporter-output>
        </test-method> <!-- testCheckoutRandomDataRunAgain -->
        <test-method is-config="true" signature="tearDown()[pri:0, instance:framework.tests.CheckoutFakerTest@5b7a5baa]" started-at="2026-03-21T14:32:15 GMT+07:00" name="tearDown" finished-at="2026-03-21T14:32:15 GMT+07:00" duration-ms="232" status="PASS">
          <reporter-output>
          </reporter-output>
        </test-method> <!-- tearDown -->
        <test-method is-config="true" signature="setUp()[pri:0, instance:framework.tests.CheckoutFakerTest@5b7a5baa]" started-at="2026-03-21T14:32:15 GMT+07:00" name="setUp" finished-at="2026-03-21T14:32:17 GMT+07:00" duration-ms="1894" status="PASS">
          <reporter-output>
          </reporter-output>
        </test-method> <!-- setUp -->
        <test-method signature="testCheckoutWithRandomData()[pri:0, instance:framework.tests.CheckoutFakerTest@5b7a5baa]" started-at="2026-03-21T14:32:17 GMT+07:00" name="testCheckoutWithRandomData" finished-at="2026-03-21T14:32:22 GMT+07:00" duration-ms="4801" status="PASS">
          <reporter-output>
          </reporter-output>
        </test-method> <!-- testCheckoutWithRandomData -->
        <test-method is-config="true" signature="tearDown()[pri:0, instance:framework.tests.CheckoutFakerTest@5b7a5baa]" started-at="2026-03-21T14:32:22 GMT+07:00" name="tearDown" finished-at="2026-03-21T14:32:22 GMT+07:00" duration-ms="278" status="PASS">
          <reporter-output>
          </reporter-output>
        </test-method> <!-- tearDown -->
      </class> <!-- framework.tests.CheckoutFakerTest -->
      <class name="framework.tests.UserLoginTest">
        <test-method is-config="true" signature="setUp()[pri:0, instance:framework.tests.UserLoginTest@4c583ecf]" started-at="2026-03-21T14:31:51 GMT+07:00" name="setUp" finished-at="2026-03-21T14:31:53 GMT+07:00" duration-ms="1740" status="PASS">
          <reporter-output>
          </reporter-output>
        </test-method> <!-- setUp -->
        <test-method signature="testUserLoginFromJson(framework.model.UserData)[pri:0, instance:framework.tests.UserLoginTest@4c583ecf]" started-at="2026-03-21T14:31:53 GMT+07:00" name="testUserLoginFromJson" data-provider="userJsonData" finished-at="2026-03-21T14:31:53 GMT+07:00" duration-ms="306" status="PASS">
          <params>
            <param index="0">
              <value>
                <![CDATA[Đăng nhập thành công với standard_user]]>
              </value>
            </param>
          </params>
          <reporter-output>
          </reporter-output>
        </test-method> <!-- testUserLoginFromJson -->
        <test-method is-config="true" signature="tearDown()[pri:0, instance:framework.tests.UserLoginTest@4c583ecf]" started-at="2026-03-21T14:31:53 GMT+07:00" name="tearDown" finished-at="2026-03-21T14:31:54 GMT+07:00" duration-ms="195" status="PASS">
          <reporter-output>
          </reporter-output>
        </test-method> <!-- tearDown -->
        <test-method is-config="true" signature="setUp()[pri:0, instance:framework.tests.UserLoginTest@4c583ecf]" started-at="2026-03-21T14:31:54 GMT+07:00" name="setUp" finished-at="2026-03-21T14:31:56 GMT+07:00" duration-ms="2653" status="PASS">
          <reporter-output>
          </reporter-output>
        </test-method> <!-- setUp -->
        <test-method signature="testUserLoginFromJson(framework.model.UserData)[pri:0, instance:framework.tests.UserLoginTest@4c583ecf]" started-at="2026-03-21T14:31:56 GMT+07:00" name="testUserLoginFromJson" data-provider="userJsonData" finished-at="2026-03-21T14:31:57 GMT+07:00" duration-ms="321" status="PASS">
          <params>
            <param index="0">
              <value>
                <![CDATA[Đăng nhập thành công với problem_user]]>
              </value>
            </param>
          </params>
          <reporter-output>
          </reporter-output>
        </test-method> <!-- testUserLoginFromJson -->
        <test-method is-config="true" signature="tearDown()[pri:0, instance:framework.tests.UserLoginTest@4c583ecf]" started-at="2026-03-21T14:31:57 GMT+07:00" name="tearDown" finished-at="2026-03-21T14:31:57 GMT+07:00" duration-ms="129" status="PASS">
          <reporter-output>
          </reporter-output>
        </test-method> <!-- tearDown -->
        <test-method is-config="true" signature="setUp()[pri:0, instance:framework.tests.UserLoginTest@4c583ecf]" started-at="2026-03-21T14:31:57 GMT+07:00" name="setUp" finished-at="2026-03-21T14:31:58 GMT+07:00" duration-ms="1614" status="PASS">
          <reporter-output>
          </reporter-output>
        </test-method> <!-- setUp -->
        <test-method signature="testUserLoginFromJson(framework.model.UserData)[pri:0, instance:framework.tests.UserLoginTest@4c583ecf]" started-at="2026-03-21T14:31:58 GMT+07:00" name="testUserLoginFromJson" data-provider="userJsonData" finished-at="2026-03-21T14:31:59 GMT+07:00" duration-ms="374" status="PASS">
          <params>
            <param index="0">
              <value>
                <![CDATA[Đăng nhập thất bại với locked_out_user]]>
              </value>
            </param>
          </params>
          <reporter-output>
          </reporter-output>
        </test-method> <!-- testUserLoginFromJson -->
        <test-method is-config="true" signature="tearDown()[pri:0, instance:framework.tests.UserLoginTest@4c583ecf]" started-at="2026-03-21T14:31:59 GMT+07:00" name="tearDown" finished-at="2026-03-21T14:31:59 GMT+07:00" duration-ms="148" status="PASS">
          <reporter-output>
          </reporter-output>
        </test-method> <!-- tearDown -->
        <test-method is-config="true" signature="setUp()[pri:0, instance:framework.tests.UserLoginTest@4c583ecf]" started-at="2026-03-21T14:31:59 GMT+07:00" name="setUp" finished-at="2026-03-21T14:32:01 GMT+07:00" duration-ms="1785" status="PASS">
          <reporter-output>
          </reporter-output>
        </test-method> <!-- setUp -->
        <test-method signature="testUserLoginFromJson(framework.model.UserData)[pri:0, instance:framework.tests.UserLoginTest@4c583ecf]" started-at="2026-03-21T14:32:01 GMT+07:00" name="testUserLoginFromJson" data-provider="userJsonData" finished-at="2026-03-21T14:32:01 GMT+07:00" duration-ms="423" status="PASS">
          <params>
            <param index="0">
              <value>
                <![CDATA[Đăng nhập thất bại do sai mật khẩu]]>
              </value>
            </param>
          </params>
          <reporter-output>
          </reporter-output>
        </test-method> <!-- testUserLoginFromJson -->
        <test-method is-config="true" signature="tearDown()[pri:0, instance:framework.tests.UserLoginTest@4c583ecf]" started-at="2026-03-21T14:32:01 GMT+07:00" name="tearDown" finished-at="2026-03-21T14:32:01 GMT+07:00" duration-ms="196" status="PASS">
          <reporter-output>
          </reporter-output>
        </test-method> <!-- tearDown -->
        <test-method is-config="true" signature="setUp()[pri:0, instance:framework.tests.UserLoginTest@4c583ecf]" started-at="2026-03-21T14:32:01 GMT+07:00" name="setUp" finished-at="2026-03-21T14:32:03 GMT+07:00" duration-ms="1664" status="PASS">
          <reporter-output>
          </reporter-output>
        </test-method> <!-- setUp -->
        <test-method signature="testUserLoginFromJson(framework.model.UserData)[pri:0, instance:framework.tests.UserLoginTest@4c583ecf]" started-at="2026-03-21T14:32:03 GMT+07:00" name="testUserLoginFromJson" data-provider="userJsonData" finished-at="2026-03-21T14:32:03 GMT+07:00" duration-ms="251" status="PASS">
          <params>
            <param index="0">
              <value>
                <![CDATA[Đăng nhập thất bại khi bỏ trống cả 2 trường]]>
              </value>
            </param>
          </params>
          <reporter-output>
          </reporter-output>
        </test-method> <!-- testUserLoginFromJson -->
        <test-method is-config="true" signature="tearDown()[pri:0, instance:framework.tests.UserLoginTest@4c583ecf]" started-at="2026-03-21T14:32:03 GMT+07:00" name="tearDown" finished-at="2026-03-21T14:32:03 GMT+07:00" duration-ms="158" status="PASS">
          <reporter-output>
          </reporter-output>
        </test-method> <!-- tearDown -->
      </class> <!-- framework.tests.UserLoginTest -->
    </test> <!-- JSON and Faker Tests -->
  </suite> <!-- Bai4_Suite -->
</testng-results>
