<?xml version="1.0" encoding="UTF-8"?>
<!-- Generated by org.testng.reporters.JUnitReportReporter -->
<testsuite hostname="LAPTOP-VDKBJUCL" failures="0" tests="15" name="framework.tests.LoginDDTTest" time="60.454" errors="0" timestamp="2026-03-20T23:34:22 GMT+07:00" skipped="0">
  <testcase classname="framework.tests.LoginDDTTest" name="testLoginFromRegressionExcel" time="3.594"/>
  <testcase classname="framework.tests.LoginDDTTest" name="testLoginFromRegressionExcel" time="2.248"/>
  <testcase classname="framework.tests.LoginDDTTest" name="testLoginFromRegressionExcel" time="4.837"/>
  <testcase classname="framework.tests.LoginDDTTest" name="testLoginFromRegressionExcel" time="6.911"/>
  <testcase classname="framework.tests.LoginDDTTest" name="testLoginFromRegressionExcel" time="2.169"/>
  <testcase classname="framework.tests.LoginDDTTest" name="testLoginFromSmokeExcel" time="6.797"/>
  <testcase classname="framework.tests.LoginDDTTest" name="testLoginFromSmokeExcel" time="4.583"/>
  <testcase classname="framework.tests.LoginDDTTest" name="testLoginFromRegressionExcel" time="1.739"/>
  <testcase classname="framework.tests.LoginDDTTest" name="testLoginFromRegressionExcel" time="6.137"/>
  <testcase classname="framework.tests.LoginDDTTest" name="testLoginFromSmokeExcel" time="2.214"/>
  <testcase classname="framework.tests.LoginDDTTest" name="testLoginFromRegressionExcel" time="6.672"/>
  <testcase classname="framework.tests.LoginDDTTest" name="testLoginFromRegressionExcel" time="1.803"/>
  <testcase classname="framework.tests.LoginDDTTest" name="testLoginFromRegressionExcel" time="5.110"/>
  <testcase classname="framework.tests.LoginDDTTest" name="testLoginFromRegressionExcel" time="2.682"/>
  <testcase classname="framework.tests.LoginDDTTest" name="testLoginFromRegressionExcel" time="2.958"/>
</testsuite> <!-- framework.tests.LoginDDTTest -->
