<?xml version="1.0" encoding="UTF-8"?>
<!-- Generated by org.testng.reporters.JUnitXMLReporter -->
<testsuite ignored="1" hostname="LAPTOP-VDKBJUCL" failures="0" tests="12" name="Regression Test" time="46.96" errors="0" timestamp="2026-03-20T23:34:22 GMT+07:00">
  <testcase classname="framework.tests.LoginDDTTest" name="testLoginFromRegressionExcel" time="0.317"/>
  <testcase classname="framework.tests.LoginDDTTest" name="testLoginFromRegressionExcel" time="0.303"/>
  <testcase classname="framework.tests.LoginDDTTest" name="testLoginFromRegressionExcel" time="5.369"/>
  <testcase classname="framework.tests.LoginDDTTest" name="testLoginFromRegressionExcel" time="0.484"/>
  <testcase classname="framework.tests.LoginDDTTest" name="testLoginFromRegressionExcel" time="0.361"/>
  <testcase classname="framework.tests.LoginDDTTest" name="testLoginFromRegressionExcel" time="0.334"/>
  <testcase classname="framework.tests.LoginDDTTest" name="testLoginFromRegressionExcel" time="0.263"/>
  <testcase classname="framework.tests.LoginDDTTest" name="testLoginFromRegressionExcel" time="0.362"/>
  <testcase classname="framework.tests.LoginDDTTest" name="testLoginFromRegressionExcel" time="0.478"/>
  <testcase classname="framework.tests.LoginDDTTest" name="testLoginFromRegressionExcel" time="0.389"/>
  <testcase classname="framework.tests.LoginDDTTest" name="testLoginFromRegressionExcel" time="0.256"/>
  <testcase classname="framework.tests.LoginDDTTest" name="testLoginFromRegressionExcel" time="0.522"/>
  <testcase classname="framework.tests.LoginDDTTest" name="testLoginFromSmokeExcel" time="0.0">
    <ignored/>
  </testcase> <!-- testLoginFromSmokeExcel -->
</testsuite> <!-- Regression Test -->
