<?xml version="1.0" encoding="UTF-8"?>
<!-- Generated by org.testng.reporters.JUnitXMLReporter -->
<testsuite ignored="1" hostname="LAPTOP-VDKBJUCL" failures="0" tests="3" name="Smoke Test" time="14.111" errors="0" timestamp="2026-03-20T23:33:35 GMT+07:00">
  <testcase classname="framework.tests.LoginDDTTest" name="testLoginFromSmokeExcel" time="0.53"/>
  <testcase classname="framework.tests.LoginDDTTest" name="testLoginFromSmokeExcel" time="0.427"/>
  <testcase classname="framework.tests.LoginDDTTest" name="testLoginFromSmokeExcel" time="5.354"/>
  <testcase classname="framework.tests.LoginDDTTest" name="testLoginFromRegressionExcel" time="0.0">
    <ignored/>
  </testcase> <!-- testLoginFromRegressionExcel -->
</testsuite> <!-- Smoke Test -->
