<?xml version="1.0" encoding="UTF-8"?>
<!-- Generated by org.testng.reporters.JUnitXMLReporter -->
<testsuite ignored="0" hostname="LAPTOP-VDKBJUCL" failures="0" tests="6" name="Refactor Tests" time="12.552" errors="0" timestamp="2026-03-21T16:32:52 GMT+07:00">
  <testcase classname="framework.tests.LoginRefactorTest" name="testLoginFromExcel" time="1.351"/>
  <testcase classname="framework.tests.LoginRefactorTest" name="testLoginFromExcel" time="0.847"/>
  <testcase classname="framework.tests.LoginRefactorTest" name="testLoginFromExcel" time="0.815"/>
  <testcase classname="framework.tests.LoginRefactorTest" name="testLoginFromExcel" time="0.979"/>
  <testcase classname="framework.tests.CartRefactorTest" name="testAddFirstItemToCart" time="1.059"/>
  <testcase classname="framework.tests.CartRefactorTest" name="testGoToCartAfterAddItem" time="1.254"/>
</testsuite> <!-- Refactor Tests -->
