<?xml version="1.0" encoding="UTF-8"?>
<testng-results ignored="0" total="2" passed="2" failed="0" skipped="0">
  <reporter-output>
  </reporter-output>
  <suite started-at="2026-03-21T15:38:45 GMT+07:00" name="Bai5_Config_Suite" finished-at="2026-03-21T15:38:50 GMT+07:00" duration-ms="4683">
    <groups>
    </groups>
    <test started-at="2026-03-21T15:38:45 GMT+07:00" name="Environment Config Test" finished-at="2026-03-21T15:38:50 GMT+07:00" duration-ms="4683">
      <class name="framework.tests.EnvironmentTest">
        <test-method is-config="true" signature="setUp()[pri:0, instance:framework.tests.EnvironmentTest@6cf0e0ba]" started-at="2026-03-21T15:38:45 GMT+07:00" name="setUp" finished-at="2026-03-21T15:38:48 GMT+07:00" duration-ms="2795" status="PASS">
          <reporter-output>
          </reporter-output>
        </test-method> <!-- setUp -->
        <test-method signature="testConfigReaderLoadsCorrectEnvironment()[pri:0, instance:framework.tests.EnvironmentTest@6cf0e0ba]" started-at="2026-03-21T15:38:48 GMT+07:00" name="testConfigReaderLoadsCorrectEnvironment" finished-at="2026-03-21T15:38:48 GMT+07:00" duration-ms="8" status="PASS">
          <reporter-output>
          </reporter-output>
        </test-method> <!-- testConfigReaderLoadsCorrectEnvironment -->
        <test-method is-config="true" signature="tearDown()[pri:0, instance:framework.tests.EnvironmentTest@6cf0e0ba]" started-at="2026-03-21T15:38:48 GMT+07:00" name="tearDown" finished-at="2026-03-21T15:38:48 GMT+07:00" duration-ms="239" status="PASS">
          <reporter-output>
          </reporter-output>
        </test-method> <!-- tearDown -->
        <test-method is-config="true" signature="setUp()[pri:0, instance:framework.tests.EnvironmentTest@6cf0e0ba]" started-at="2026-03-21T15:38:48 GMT+07:00" name="setUp" finished-at="2026-03-21T15:38:50 GMT+07:00" duration-ms="1267" status="PASS">
          <reporter-output>
          </reporter-output>
        </test-method> <!-- setUp -->
        <test-method signature="testLoginPageLoadsFromConfiguredUrl()[pri:0, instance:framework.tests.EnvironmentTest@6cf0e0ba]" started-at="2026-03-21T15:38:50 GMT+07:00" name="testLoginPageLoadsFromConfiguredUrl" finished-at="2026-03-21T15:38:50 GMT+07:00" duration-ms="175" status="PASS">
          <reporter-output>
          </reporter-output>
        </test-method> <!-- testLoginPageLoadsFromConfiguredUrl -->
        <test-method is-config="true" signature="tearDown()[pri:0, instance:framework.tests.EnvironmentTest@6cf0e0ba]" started-at="2026-03-21T15:38:50 GMT+07:00" name="tearDown" finished-at="2026-03-21T15:38:50 GMT+07:00" duration-ms="165" status="PASS">
          <reporter-output>
          </reporter-output>
        </test-method> <!-- tearDown -->
      </class> <!-- framework.tests.EnvironmentTest -->
    </test> <!-- Environment Config Test -->
  </suite> <!-- Bai5_Config_Suite -->
</testng-results>
