<?xml version="1.0" encoding="UTF-8"?>
<!-- Generated by org.testng.reporters.JUnitXMLReporter -->
<testsuite ignored="0" hostname="LAPTOP-VDKBJUCL" failures="0" tests="9" name="SauceDemo Tests" time="49.267" errors="0" timestamp="2026-03-20T22:21:20 GMT+07:00">
  <testcase classname="framework.tests.LoginTest" name="testLoginWithInvalidPassword" time="0.525"/>
  <testcase classname="framework.tests.LoginTest" name="testLoginWithLockedUser" time="0.415"/>
  <testcase classname="framework.tests.LoginTest" name="testLoginWithValidAccount" time="0.439"/>
  <testcase classname="framework.tests.CartTest" name="testAddFirstItemToCart" time="0.464"/>
  <testcase classname="framework.tests.CartTest" name="testAddSpecificItemToCart" time="0.364"/>
  <testcase classname="framework.tests.CartTest" name="testCartWithoutItemReturnsZero" time="3.37"/>
  <testcase classname="framework.tests.CartTest" name="testFluentInterfaceGoToCart" time="0.545"/>
  <testcase classname="framework.tests.CartTest" name="testGetItemNamesInCart" time="0.568"/>
  <testcase classname="framework.tests.CartTest" name="testRemoveFirstItemFromCart" time="3.937"/>
</testsuite> <!-- SauceDemo Tests -->
